<?xml version="1.0" encoding="UTF-8"?>
<!-- Generated by org.testng.reporters.JUnitXMLReporter -->
<testsuite hostname="Cnu" name="WelComeMercuryTours" tests="1" failures="1" timestamp="22 Mar 2019 03:00:48 GMT" time="15.753" errors="0">
  <testcase name="homePage" time="5.747" classname="com.POM.NewTours_WelComeMercuryTours">
    <failure type="java.io.FileNotFoundException" message=".\com\ApplicationTestDataFiles\NewTours_MultipleLogInTestData.xlsx (The system cannot find the path specified)">
      <![CDATA[java.io.FileNotFoundException: .\com\ApplicationTestDataFiles\NewTours_MultipleLogInTestData.xlsx (The system cannot find the path specified)
	at java.io.FileInputStream.open0(Native Method)
	at java.io.FileInputStream.open(Unknown Source)
	at java.io.FileInputStream.<init>(Unknown Source)
	at java.io.FileInputStream.<init>(Unknown Source)
	at com.POM.NewTours_WelComeMercuryTours.homePage(NewTours_WelComeMercuryTours.java:44)
... Removed 24 stack frames]]>
    </failure>
  </testcase> <!-- homePage -->
</testsuite> <!-- WelComeMercuryTours -->
