<?xml version="1.0" encoding="UTF-8"?>
<testng-results skipped="0" failed="0" total="1" passed="1">
  <reporter-output>
  </reporter-output>
  <suite name="Default suite" duration-ms="26176" started-at="2019-03-22T03:06:23Z" finished-at="2019-03-22T03:06:49Z">
    <groups>
    </groups>
    <test name="Default test" duration-ms="26176" started-at="2019-03-22T03:06:23Z" finished-at="2019-03-22T03:06:49Z">
      <class name="com.POM.NewTours_WelComeMercuryTours">
        <test-method status="PASS" signature="setUp()[pri:0, instance:com.POM.NewTours_WelComeMercuryTours@4ddced80]" name="setUp" is-config="true" duration-ms="8236" started-at="2019-03-22T08:36:23Z" finished-at="2019-03-22T08:36:31Z">
          <reporter-output>
          </reporter-output>
        </test-method> <!-- setUp -->
        <test-method status="PASS" signature="homePage()[pri:0, instance:com.POM.NewTours_WelComeMercuryTours@4ddced80]" name="homePage" duration-ms="17919" started-at="2019-03-22T08:36:31Z" finished-at="2019-03-22T08:36:49Z">
          <reporter-output>
          </reporter-output>
        </test-method> <!-- homePage -->
      </class> <!-- com.POM.NewTours_WelComeMercuryTours -->
    </test> <!-- Default test -->
  </suite> <!-- Default suite -->
</testng-results>
